<?xml version="1.0" encoding="UTF-8"?>
<!-- Generated by org.testng.reporters.JUnitReportReporter -->
<testsuite hostname="lakshaya-HP-EliteBook-8470p" failures="0" tests="2" name="HelloWorld" time="0.013" errors="0" timestamp="18 Jul 2018 09:26:39 GMT" skipped="0">
  <testcase classname="HelloWorld" name="NHelloWorl" time="0.010"/>
  <testcase classname="HelloWorld" name="HelloWorl" time="0.003"/>
</testsuite> <!-- HelloWorld -->
