<?xml version="1.0" encoding="UTF-8"?>
<!-- Generated by org.testng.reporters.JUnitReportReporter -->
<testsuite hostname="lakshaya-HP-EliteBook-8470p" failures="0" tests="1" name="PhpTravels" time="5.196" errors="0" timestamp="18 Jul 2018 12:13:42 GMT" skipped="0">
  <testcase classname="PhpTravels" name="loginApp" time="5.196"/>
</testsuite> <!-- PhpTravels -->
