<?xml version="1.0" encoding="UTF-8"?>
<!-- Generated by org.testng.reporters.JUnitReportReporter -->
<testsuite hostname="lakshaya-HP-EliteBook-8470p" failures="0" tests="1" name="ListenersDemo.MyFirstTestCase" time="2.568" errors="0" timestamp="18 Jul 2018 15:09:14 GMT" skipped="0">
  <testcase classname="ListenersDemo.MyFirstTestCase" name="GoogleTitleVerify" time="2.568"/>
</testsuite> <!-- ListenersDemo.MyFirstTestCase -->
